1780452972423|9|statement|connection 0|url jdbc:p6spy:h2:mem:testdb;DB_CLOSE_DELAY=-1|CREATE TABLE raw_users ( id BIGINT AUTO_INCREMENT PRIMARY KEY, username VARCHAR(50) NOT NULL, email VARCHAR(100) NOT NULL, password VARCHAR(255) NOT NULL, status VARCHAR(20) DEFAULT 'ACTIVE', processed BOOLEAN DEFAULT FALSE, created_at TIMESTAMP DEFAULT CURRENT_TIMESTAMP, updated_at TIMESTAMP DEFAULT CURRENT_TIMESTAMP )|CREATE TABLE raw_users ( id BIGINT AUTO_INCREMENT PRIMARY KEY, username VARCHAR(50) NOT NULL, email VARCHAR(100) NOT NULL, password VARCHAR(255) NOT NULL, status VARCHAR(20) DEFAULT 'ACTIVE', processed BOOLEAN DEFAULT FALSE, created_at TIMESTAMP DEFAULT CURRENT_TIMESTAMP, updated_at TIMESTAMP DEFAULT CURRENT_TIMESTAMP )
1780452972425|1|statement|connection 0|url jdbc:p6spy:h2:mem:testdb;DB_CLOSE_DELAY=-1|CREATE UNIQUE INDEX idx_rawusers_username ON raw_users(username)|CREATE UNIQUE INDEX idx_rawusers_username ON raw_users(username)
1780452972426|0|statement|connection 0|url jdbc:p6spy:h2:mem:testdb;DB_CLOSE_DELAY=-1|CREATE UNIQUE INDEX idx_rawusers_email ON raw_users(email)|CREATE UNIQUE INDEX idx_rawusers_email ON raw_users(email)
1780452972427|0|statement|connection 0|url jdbc:p6spy:h2:mem:testdb;DB_CLOSE_DELAY=-1|CREATE TABLE users ( id BIGINT AUTO_INCREMENT PRIMARY KEY, username VARCHAR(50) NOT NULL, email VARCHAR(100) NOT NULL, password VARCHAR(255) NOT NULL, status VARCHAR(20) DEFAULT 'ACTIVE', created_at TIMESTAMP DEFAULT CURRENT_TIMESTAMP, updated_at TIMESTAMP DEFAULT CURRENT_TIMESTAMP )|CREATE TABLE users ( id BIGINT AUTO_INCREMENT PRIMARY KEY, username VARCHAR(50) NOT NULL, email VARCHAR(100) NOT NULL, password VARCHAR(255) NOT NULL, status VARCHAR(20) DEFAULT 'ACTIVE', created_at TIMESTAMP DEFAULT CURRENT_TIMESTAMP, updated_at TIMESTAMP DEFAULT CURRENT_TIMESTAMP )
1780452972428|0|statement|connection 0|url jdbc:p6spy:h2:mem:testdb;DB_CLOSE_DELAY=-1|CREATE UNIQUE INDEX idx_users_username ON users(username)|CREATE UNIQUE INDEX idx_users_username ON users(username)
1780452972428|0|statement|connection 0|url jdbc:p6spy:h2:mem:testdb;DB_CLOSE_DELAY=-1|CREATE UNIQUE INDEX idx_users_email ON users(email)|CREATE UNIQUE INDEX idx_users_email ON users(email)
1780452973704|1275|statement|connection 0|url jdbc:p6spy:h2:mem:testdb;DB_CLOSE_DELAY=-1|INSERT INTO raw_users (username, email, password, created_at, updated_at) SELECT 'user' || x AS username, 'user' || x || '@test.com' AS email, 'pass' || x AS password, CURRENT_TIMESTAMP, CURRENT_TIMESTAMP FROM SYSTEM_RANGE(1, 100000) x|INSERT INTO raw_users (username, email, password, created_at, updated_at) SELECT 'user' || x AS username, 'user' || x || '@test.com' AS email, 'pass' || x AS password, CURRENT_TIMESTAMP, CURRENT_TIMESTAMP FROM SYSTEM_RANGE(1, 100000) x
1780452973834|9|statement|connection 0|url jdbc:p6spy:h2:mem:testdb;DB_CLOSE_DELAY=-1|SELECT id, username, email, password, status FROM raw_users WHERE processed = false ORDER BY id ASC FETCH NEXT 1000 ROWS ONLY|SELECT id, username, email, password, status FROM raw_users WHERE processed = false ORDER BY id ASC FETCH NEXT 1000 ROWS ONLY
1780452973985|10|commit|connection 0|url jdbc:p6spy:h2:mem:testdb;DB_CLOSE_DELAY=-1||
1780452973989|1|statement|connection 0|url jdbc:p6spy:h2:mem:testdb;DB_CLOSE_DELAY=-1|SELECT id, username, email, password, status FROM raw_users WHERE (processed = false) AND ((id > ?)) ORDER BY id ASC FETCH NEXT 1000 ROWS ONLY|SELECT id, username, email, password, status FROM raw_users WHERE (processed = false) AND ((id > 1000)) ORDER BY id ASC FETCH NEXT 1000 ROWS ONLY
1780452974047|12|commit|connection 0|url jdbc:p6spy:h2:mem:testdb;DB_CLOSE_DELAY=-1||
1780452974049|1|statement|connection 0|url jdbc:p6spy:h2:mem:testdb;DB_CLOSE_DELAY=-1|SELECT id, username, email, password, status FROM raw_users WHERE (processed = false) AND ((id > ?)) ORDER BY id ASC FETCH NEXT 1000 ROWS ONLY|SELECT id, username, email, password, status FROM raw_users WHERE (processed = false) AND ((id > 2000)) ORDER BY id ASC FETCH NEXT 1000 ROWS ONLY
1780452974091|5|commit|connection 0|url jdbc:p6spy:h2:mem:testdb;DB_CLOSE_DELAY=-1||
1780452974092|0|statement|connection 0|url jdbc:p6spy:h2:mem:testdb;DB_CLOSE_DELAY=-1|SELECT id, username, email, password, status FROM raw_users WHERE (processed = false) AND ((id > ?)) ORDER BY id ASC FETCH NEXT 1000 ROWS ONLY|SELECT id, username, email, password, status FROM raw_users WHERE (processed = false) AND ((id > 3000)) ORDER BY id ASC FETCH NEXT 1000 ROWS ONLY
1780452974129|5|commit|connection 0|url jdbc:p6spy:h2:mem:testdb;DB_CLOSE_DELAY=-1||
1780452974131|0|statement|connection 0|url jdbc:p6spy:h2:mem:testdb;DB_CLOSE_DELAY=-1|SELECT id, username, email, password, status FROM raw_users WHERE (processed = false) AND ((id > ?)) ORDER BY id ASC FETCH NEXT 1000 ROWS ONLY|SELECT id, username, email, password, status FROM raw_users WHERE (processed = false) AND ((id > 4000)) ORDER BY id ASC FETCH NEXT 1000 ROWS ONLY
1780452974167|5|commit|connection 0|url jdbc:p6spy:h2:mem:testdb;DB_CLOSE_DELAY=-1||
1780452974168|0|statement|connection 0|url jdbc:p6spy:h2:mem:testdb;DB_CLOSE_DELAY=-1|SELECT id, username, email, password, status FROM raw_users WHERE (processed = false) AND ((id > ?)) ORDER BY id ASC FETCH NEXT 1000 ROWS ONLY|SELECT id, username, email, password, status FROM raw_users WHERE (processed = false) AND ((id > 5000)) ORDER BY id ASC FETCH NEXT 1000 ROWS ONLY
1780452974206|7|commit|connection 0|url jdbc:p6spy:h2:mem:testdb;DB_CLOSE_DELAY=-1||
1780452974207|0|statement|connection 0|url jdbc:p6spy:h2:mem:testdb;DB_CLOSE_DELAY=-1|SELECT id, username, email, password, status FROM raw_users WHERE (processed = false) AND ((id > ?)) ORDER BY id ASC FETCH NEXT 1000 ROWS ONLY|SELECT id, username, email, password, status FROM raw_users WHERE (processed = false) AND ((id > 6000)) ORDER BY id ASC FETCH NEXT 1000 ROWS ONLY
1780452974241|5|commit|connection 0|url jdbc:p6spy:h2:mem:testdb;DB_CLOSE_DELAY=-1||
1780452974242|0|statement|connection 0|url jdbc:p6spy:h2:mem:testdb;DB_CLOSE_DELAY=-1|SELECT id, username, email, password, status FROM raw_users WHERE (processed = false) AND ((id > ?)) ORDER BY id ASC FETCH NEXT 1000 ROWS ONLY|SELECT id, username, email, password, status FROM raw_users WHERE (processed = false) AND ((id > 7000)) ORDER BY id ASC FETCH NEXT 1000 ROWS ONLY
1780452974274|5|commit|connection 0|url jdbc:p6spy:h2:mem:testdb;DB_CLOSE_DELAY=-1||
1780452974275|0|statement|connection 0|url jdbc:p6spy:h2:mem:testdb;DB_CLOSE_DELAY=-1|SELECT id, username, email, password, status FROM raw_users WHERE (processed = false) AND ((id > ?)) ORDER BY id ASC FETCH NEXT 1000 ROWS ONLY|SELECT id, username, email, password, status FROM raw_users WHERE (processed = false) AND ((id > 8000)) ORDER BY id ASC FETCH NEXT 1000 ROWS ONLY
1780452974308|5|commit|connection 0|url jdbc:p6spy:h2:mem:testdb;DB_CLOSE_DELAY=-1||
1780452974309|0|statement|connection 0|url jdbc:p6spy:h2:mem:testdb;DB_CLOSE_DELAY=-1|SELECT id, username, email, password, status FROM raw_users WHERE (processed = false) AND ((id > ?)) ORDER BY id ASC FETCH NEXT 1000 ROWS ONLY|SELECT id, username, email, password, status FROM raw_users WHERE (processed = false) AND ((id > 9000)) ORDER BY id ASC FETCH NEXT 1000 ROWS ONLY
1780452974337|5|commit|connection 0|url jdbc:p6spy:h2:mem:testdb;DB_CLOSE_DELAY=-1||
1780452974338|0|statement|connection 0|url jdbc:p6spy:h2:mem:testdb;DB_CLOSE_DELAY=-1|SELECT id, username, email, password, status FROM raw_users WHERE (processed = false) AND ((id > ?)) ORDER BY id ASC FETCH NEXT 1000 ROWS ONLY|SELECT id, username, email, password, status FROM raw_users WHERE (processed = false) AND ((id > 10000)) ORDER BY id ASC FETCH NEXT 1000 ROWS ONLY
1780452974369|4|commit|connection 0|url jdbc:p6spy:h2:mem:testdb;DB_CLOSE_DELAY=-1||
1780452974370|0|statement|connection 0|url jdbc:p6spy:h2:mem:testdb;DB_CLOSE_DELAY=-1|SELECT id, username, email, password, status FROM raw_users WHERE (processed = false) AND ((id > ?)) ORDER BY id ASC FETCH NEXT 1000 ROWS ONLY|SELECT id, username, email, password, status FROM raw_users WHERE (processed = false) AND ((id > 11000)) ORDER BY id ASC FETCH NEXT 1000 ROWS ONLY
1780452974394|4|commit|connection 0|url jdbc:p6spy:h2:mem:testdb;DB_CLOSE_DELAY=-1||
1780452974395|0|statement|connection 0|url jdbc:p6spy:h2:mem:testdb;DB_CLOSE_DELAY=-1|SELECT id, username, email, password, status FROM raw_users WHERE (processed = false) AND ((id > ?)) ORDER BY id ASC FETCH NEXT 1000 ROWS ONLY|SELECT id, username, email, password, status FROM raw_users WHERE (processed = false) AND ((id > 12000)) ORDER BY id ASC FETCH NEXT 1000 ROWS ONLY
1780452974424|5|commit|connection 0|url jdbc:p6spy:h2:mem:testdb;DB_CLOSE_DELAY=-1||
1780452974424|0|statement|connection 0|url jdbc:p6spy:h2:mem:testdb;DB_CLOSE_DELAY=-1|SELECT id, username, email, password, status FROM raw_users WHERE (processed = false) AND ((id > ?)) ORDER BY id ASC FETCH NEXT 1000 ROWS ONLY|SELECT id, username, email, password, status FROM raw_users WHERE (processed = false) AND ((id > 13000)) ORDER BY id ASC FETCH NEXT 1000 ROWS ONLY
1780452974448|5|commit|connection 0|url jdbc:p6spy:h2:mem:testdb;DB_CLOSE_DELAY=-1||
1780452974449|0|statement|connection 0|url jdbc:p6spy:h2:mem:testdb;DB_CLOSE_DELAY=-1|SELECT id, username, email, password, status FROM raw_users WHERE (processed = false) AND ((id > ?)) ORDER BY id ASC FETCH NEXT 1000 ROWS ONLY|SELECT id, username, email, password, status FROM raw_users WHERE (processed = false) AND ((id > 14000)) ORDER BY id ASC FETCH NEXT 1000 ROWS ONLY
1780452974475|6|commit|connection 0|url jdbc:p6spy:h2:mem:testdb;DB_CLOSE_DELAY=-1||
1780452974476|0|statement|connection 0|url jdbc:p6spy:h2:mem:testdb;DB_CLOSE_DELAY=-1|SELECT id, username, email, password, status FROM raw_users WHERE (processed = false) AND ((id > ?)) ORDER BY id ASC FETCH NEXT 1000 ROWS ONLY|SELECT id, username, email, password, status FROM raw_users WHERE (processed = false) AND ((id > 15000)) ORDER BY id ASC FETCH NEXT 1000 ROWS ONLY
1780452974504|6|commit|connection 0|url jdbc:p6spy:h2:mem:testdb;DB_CLOSE_DELAY=-1||
1780452974505|0|statement|connection 0|url jdbc:p6spy:h2:mem:testdb;DB_CLOSE_DELAY=-1|SELECT id, username, email, password, status FROM raw_users WHERE (processed = false) AND ((id > ?)) ORDER BY id ASC FETCH NEXT 1000 ROWS ONLY|SELECT id, username, email, password, status FROM raw_users WHERE (processed = false) AND ((id > 16000)) ORDER BY id ASC FETCH NEXT 1000 ROWS ONLY
1780452974530|4|commit|connection 0|url jdbc:p6spy:h2:mem:testdb;DB_CLOSE_DELAY=-1||
1780452974531|0|statement|connection 0|url jdbc:p6spy:h2:mem:testdb;DB_CLOSE_DELAY=-1|SELECT id, username, email, password, status FROM raw_users WHERE (processed = false) AND ((id > ?)) ORDER BY id ASC FETCH NEXT 1000 ROWS ONLY|SELECT id, username, email, password, status FROM raw_users WHERE (processed = false) AND ((id > 17000)) ORDER BY id ASC FETCH NEXT 1000 ROWS ONLY
1780452974553|4|commit|connection 0|url jdbc:p6spy:h2:mem:testdb;DB_CLOSE_DELAY=-1||
1780452974554|0|statement|connection 0|url jdbc:p6spy:h2:mem:testdb;DB_CLOSE_DELAY=-1|SELECT id, username, email, password, status FROM raw_users WHERE (processed = false) AND ((id > ?)) ORDER BY id ASC FETCH NEXT 1000 ROWS ONLY|SELECT id, username, email, password, status FROM raw_users WHERE (processed = false) AND ((id > 18000)) ORDER BY id ASC FETCH NEXT 1000 ROWS ONLY
1780452974575|4|commit|connection 0|url jdbc:p6spy:h2:mem:testdb;DB_CLOSE_DELAY=-1||
1780452974576|0|statement|connection 0|url jdbc:p6spy:h2:mem:testdb;DB_CLOSE_DELAY=-1|SELECT id, username, email, password, status FROM raw_users WHERE (processed = false) AND ((id > ?)) ORDER BY id ASC FETCH NEXT 1000 ROWS ONLY|SELECT id, username, email, password, status FROM raw_users WHERE (processed = false) AND ((id > 19000)) ORDER BY id ASC FETCH NEXT 1000 ROWS ONLY
1780452974598|4|commit|connection 0|url jdbc:p6spy:h2:mem:testdb;DB_CLOSE_DELAY=-1||
1780452974599|0|statement|connection 0|url jdbc:p6spy:h2:mem:testdb;DB_CLOSE_DELAY=-1|SELECT id, username, email, password, status FROM raw_users WHERE (processed = false) AND ((id > ?)) ORDER BY id ASC FETCH NEXT 1000 ROWS ONLY|SELECT id, username, email, password, status FROM raw_users WHERE (processed = false) AND ((id > 20000)) ORDER BY id ASC FETCH NEXT 1000 ROWS ONLY
1780452974633|8|commit|connection 0|url jdbc:p6spy:h2:mem:testdb;DB_CLOSE_DELAY=-1||
1780452974635|0|statement|connection 0|url jdbc:p6spy:h2:mem:testdb;DB_CLOSE_DELAY=-1|SELECT id, username, email, password, status FROM raw_users WHERE (processed = false) AND ((id > ?)) ORDER BY id ASC FETCH NEXT 1000 ROWS ONLY|SELECT id, username, email, password, status FROM raw_users WHERE (processed = false) AND ((id > 21000)) ORDER BY id ASC FETCH NEXT 1000 ROWS ONLY
1780452974668|7|commit|connection 0|url jdbc:p6spy:h2:mem:testdb;DB_CLOSE_DELAY=-1||
1780452974670|0|statement|connection 0|url jdbc:p6spy:h2:mem:testdb;DB_CLOSE_DELAY=-1|SELECT id, username, email, password, status FROM raw_users WHERE (processed = false) AND ((id > ?)) ORDER BY id ASC FETCH NEXT 1000 ROWS ONLY|SELECT id, username, email, password, status FROM raw_users WHERE (processed = false) AND ((id > 22000)) ORDER BY id ASC FETCH NEXT 1000 ROWS ONLY
1780452974703|4|commit|connection 0|url jdbc:p6spy:h2:mem:testdb;DB_CLOSE_DELAY=-1||
1780452974704|0|statement|connection 0|url jdbc:p6spy:h2:mem:testdb;DB_CLOSE_DELAY=-1|SELECT id, username, email, password, status FROM raw_users WHERE (processed = false) AND ((id > ?)) ORDER BY id ASC FETCH NEXT 1000 ROWS ONLY|SELECT id, username, email, password, status FROM raw_users WHERE (processed = false) AND ((id > 23000)) ORDER BY id ASC FETCH NEXT 1000 ROWS ONLY
1780452974728|5|commit|connection 0|url jdbc:p6spy:h2:mem:testdb;DB_CLOSE_DELAY=-1||
1780452974729|0|statement|connection 0|url jdbc:p6spy:h2:mem:testdb;DB_CLOSE_DELAY=-1|SELECT id, username, email, password, status FROM raw_users WHERE (processed = false) AND ((id > ?)) ORDER BY id ASC FETCH NEXT 1000 ROWS ONLY|SELECT id, username, email, password, status FROM raw_users WHERE (processed = false) AND ((id > 24000)) ORDER BY id ASC FETCH NEXT 1000 ROWS ONLY
1780452974754|5|commit|connection 0|url jdbc:p6spy:h2:mem:testdb;DB_CLOSE_DELAY=-1||
1780452974755|0|statement|connection 0|url jdbc:p6spy:h2:mem:testdb;DB_CLOSE_DELAY=-1|SELECT id, username, email, password, status FROM raw_users WHERE (processed = false) AND ((id > ?)) ORDER BY id ASC FETCH NEXT 1000 ROWS ONLY|SELECT id, username, email, password, status FROM raw_users WHERE (processed = false) AND ((id > 25000)) ORDER BY id ASC FETCH NEXT 1000 ROWS ONLY
1780452974781|6|commit|connection 0|url jdbc:p6spy:h2:mem:testdb;DB_CLOSE_DELAY=-1||
1780452974782|0|statement|connection 0|url jdbc:p6spy:h2:mem:testdb;DB_CLOSE_DELAY=-1|SELECT id, username, email, password, status FROM raw_users WHERE (processed = false) AND ((id > ?)) ORDER BY id ASC FETCH NEXT 1000 ROWS ONLY|SELECT id, username, email, password, status FROM raw_users WHERE (processed = false) AND ((id > 26000)) ORDER BY id ASC FETCH NEXT 1000 ROWS ONLY
1780452974810|6|commit|connection 0|url jdbc:p6spy:h2:mem:testdb;DB_CLOSE_DELAY=-1||
1780452974811|0|statement|connection 0|url jdbc:p6spy:h2:mem:testdb;DB_CLOSE_DELAY=-1|SELECT id, username, email, password, status FROM raw_users WHERE (processed = false) AND ((id > ?)) ORDER BY id ASC FETCH NEXT 1000 ROWS ONLY|SELECT id, username, email, password, status FROM raw_users WHERE (processed = false) AND ((id > 27000)) ORDER BY id ASC FETCH NEXT 1000 ROWS ONLY
1780452974836|5|commit|connection 0|url jdbc:p6spy:h2:mem:testdb;DB_CLOSE_DELAY=-1||
1780452974837|0|statement|connection 0|url jdbc:p6spy:h2:mem:testdb;DB_CLOSE_DELAY=-1|SELECT id, username, email, password, status FROM raw_users WHERE (processed = false) AND ((id > ?)) ORDER BY id ASC FETCH NEXT 1000 ROWS ONLY|SELECT id, username, email, password, status FROM raw_users WHERE (processed = false) AND ((id > 28000)) ORDER BY id ASC FETCH NEXT 1000 ROWS ONLY
1780452974866|6|commit|connection 0|url jdbc:p6spy:h2:mem:testdb;DB_CLOSE_DELAY=-1||
1780452974866|0|statement|connection 0|url jdbc:p6spy:h2:mem:testdb;DB_CLOSE_DELAY=-1|SELECT id, username, email, password, status FROM raw_users WHERE (processed = false) AND ((id > ?)) ORDER BY id ASC FETCH NEXT 1000 ROWS ONLY|SELECT id, username, email, password, status FROM raw_users WHERE (processed = false) AND ((id > 29000)) ORDER BY id ASC FETCH NEXT 1000 ROWS ONLY
1780452974889|5|commit|connection 0|url jdbc:p6spy:h2:mem:testdb;DB_CLOSE_DELAY=-1||
1780452974889|0|statement|connection 0|url jdbc:p6spy:h2:mem:testdb;DB_CLOSE_DELAY=-1|SELECT id, username, email, password, status FROM raw_users WHERE (processed = false) AND ((id > ?)) ORDER BY id ASC FETCH NEXT 1000 ROWS ONLY|SELECT id, username, email, password, status FROM raw_users WHERE (processed = false) AND ((id > 30000)) ORDER BY id ASC FETCH NEXT 1000 ROWS ONLY
1780452974914|4|commit|connection 0|url jdbc:p6spy:h2:mem:testdb;DB_CLOSE_DELAY=-1||
1780452974915|0|statement|connection 0|url jdbc:p6spy:h2:mem:testdb;DB_CLOSE_DELAY=-1|SELECT id, username, email, password, status FROM raw_users WHERE (processed = false) AND ((id > ?)) ORDER BY id ASC FETCH NEXT 1000 ROWS ONLY|SELECT id, username, email, password, status FROM raw_users WHERE (processed = false) AND ((id > 31000)) ORDER BY id ASC FETCH NEXT 1000 ROWS ONLY
1780452974936|4|commit|connection 0|url jdbc:p6spy:h2:mem:testdb;DB_CLOSE_DELAY=-1||
1780452974937|0|statement|connection 0|url jdbc:p6spy:h2:mem:testdb;DB_CLOSE_DELAY=-1|SELECT id, username, email, password, status FROM raw_users WHERE (processed = false) AND ((id > ?)) ORDER BY id ASC FETCH NEXT 1000 ROWS ONLY|SELECT id, username, email, password, status FROM raw_users WHERE (processed = false) AND ((id > 32000)) ORDER BY id ASC FETCH NEXT 1000 ROWS ONLY
1780452974966|4|commit|connection 0|url jdbc:p6spy:h2:mem:testdb;DB_CLOSE_DELAY=-1||
1780452974967|0|statement|connection 0|url jdbc:p6spy:h2:mem:testdb;DB_CLOSE_DELAY=-1|SELECT id, username, email, password, status FROM raw_users WHERE (processed = false) AND ((id > ?)) ORDER BY id ASC FETCH NEXT 1000 ROWS ONLY|SELECT id, username, email, password, status FROM raw_users WHERE (processed = false) AND ((id > 33000)) ORDER BY id ASC FETCH NEXT 1000 ROWS ONLY
1780452974987|4|commit|connection 0|url jdbc:p6spy:h2:mem:testdb;DB_CLOSE_DELAY=-1||
1780452974987|0|statement|connection 0|url jdbc:p6spy:h2:mem:testdb;DB_CLOSE_DELAY=-1|SELECT id, username, email, password, status FROM raw_users WHERE (processed = false) AND ((id > ?)) ORDER BY id ASC FETCH NEXT 1000 ROWS ONLY|SELECT id, username, email, password, status FROM raw_users WHERE (processed = false) AND ((id > 34000)) ORDER BY id ASC FETCH NEXT 1000 ROWS ONLY
1780452975007|4|commit|connection 0|url jdbc:p6spy:h2:mem:testdb;DB_CLOSE_DELAY=-1||
1780452975008|0|statement|connection 0|url jdbc:p6spy:h2:mem:testdb;DB_CLOSE_DELAY=-1|SELECT id, username, email, password, status FROM raw_users WHERE (processed = false) AND ((id > ?)) ORDER BY id ASC FETCH NEXT 1000 ROWS ONLY|SELECT id, username, email, password, status FROM raw_users WHERE (processed = false) AND ((id > 35000)) ORDER BY id ASC FETCH NEXT 1000 ROWS ONLY
1780452975027|4|commit|connection 0|url jdbc:p6spy:h2:mem:testdb;DB_CLOSE_DELAY=-1||
1780452975027|0|statement|connection 0|url jdbc:p6spy:h2:mem:testdb;DB_CLOSE_DELAY=-1|SELECT id, username, email, password, status FROM raw_users WHERE (processed = false) AND ((id > ?)) ORDER BY id ASC FETCH NEXT 1000 ROWS ONLY|SELECT id, username, email, password, status FROM raw_users WHERE (processed = false) AND ((id > 36000)) ORDER BY id ASC FETCH NEXT 1000 ROWS ONLY
1780452975046|4|commit|connection 0|url jdbc:p6spy:h2:mem:testdb;DB_CLOSE_DELAY=-1||
1780452975047|0|statement|connection 0|url jdbc:p6spy:h2:mem:testdb;DB_CLOSE_DELAY=-1|SELECT id, username, email, password, status FROM raw_users WHERE (processed = false) AND ((id > ?)) ORDER BY id ASC FETCH NEXT 1000 ROWS ONLY|SELECT id, username, email, password, status FROM raw_users WHERE (processed = false) AND ((id > 37000)) ORDER BY id ASC FETCH NEXT 1000 ROWS ONLY
1780452975066|4|commit|connection 0|url jdbc:p6spy:h2:mem:testdb;DB_CLOSE_DELAY=-1||
1780452975066|0|statement|connection 0|url jdbc:p6spy:h2:mem:testdb;DB_CLOSE_DELAY=-1|SELECT id, username, email, password, status FROM raw_users WHERE (processed = false) AND ((id > ?)) ORDER BY id ASC FETCH NEXT 1000 ROWS ONLY|SELECT id, username, email, password, status FROM raw_users WHERE (processed = false) AND ((id > 38000)) ORDER BY id ASC FETCH NEXT 1000 ROWS ONLY
1780452975084|4|commit|connection 0|url jdbc:p6spy:h2:mem:testdb;DB_CLOSE_DELAY=-1||
1780452975085|0|statement|connection 0|url jdbc:p6spy:h2:mem:testdb;DB_CLOSE_DELAY=-1|SELECT id, username, email, password, status FROM raw_users WHERE (processed = false) AND ((id > ?)) ORDER BY id ASC FETCH NEXT 1000 ROWS ONLY|SELECT id, username, email, password, status FROM raw_users WHERE (processed = false) AND ((id > 39000)) ORDER BY id ASC FETCH NEXT 1000 ROWS ONLY
1780452975103|4|commit|connection 0|url jdbc:p6spy:h2:mem:testdb;DB_CLOSE_DELAY=-1||
1780452975103|0|statement|connection 0|url jdbc:p6spy:h2:mem:testdb;DB_CLOSE_DELAY=-1|SELECT id, username, email, password, status FROM raw_users WHERE (processed = false) AND ((id > ?)) ORDER BY id ASC FETCH NEXT 1000 ROWS ONLY|SELECT id, username, email, password, status FROM raw_users WHERE (processed = false) AND ((id > 40000)) ORDER BY id ASC FETCH NEXT 1000 ROWS ONLY
1780452975121|4|commit|connection 0|url jdbc:p6spy:h2:mem:testdb;DB_CLOSE_DELAY=-1||
1780452975122|0|statement|connection 0|url jdbc:p6spy:h2:mem:testdb;DB_CLOSE_DELAY=-1|SELECT id, username, email, password, status FROM raw_users WHERE (processed = false) AND ((id > ?)) ORDER BY id ASC FETCH NEXT 1000 ROWS ONLY|SELECT id, username, email, password, status FROM raw_users WHERE (processed = false) AND ((id > 41000)) ORDER BY id ASC FETCH NEXT 1000 ROWS ONLY
1780452975146|10|commit|connection 0|url jdbc:p6spy:h2:mem:testdb;DB_CLOSE_DELAY=-1||
1780452975146|0|statement|connection 0|url jdbc:p6spy:h2:mem:testdb;DB_CLOSE_DELAY=-1|SELECT id, username, email, password, status FROM raw_users WHERE (processed = false) AND ((id > ?)) ORDER BY id ASC FETCH NEXT 1000 ROWS ONLY|SELECT id, username, email, password, status FROM raw_users WHERE (processed = false) AND ((id > 42000)) ORDER BY id ASC FETCH NEXT 1000 ROWS ONLY
1780452975165|4|commit|connection 0|url jdbc:p6spy:h2:mem:testdb;DB_CLOSE_DELAY=-1||
1780452975165|0|statement|connection 0|url jdbc:p6spy:h2:mem:testdb;DB_CLOSE_DELAY=-1|SELECT id, username, email, password, status FROM raw_users WHERE (processed = false) AND ((id > ?)) ORDER BY id ASC FETCH NEXT 1000 ROWS ONLY|SELECT id, username, email, password, status FROM raw_users WHERE (processed = false) AND ((id > 43000)) ORDER BY id ASC FETCH NEXT 1000 ROWS ONLY
1780452975184|4|commit|connection 0|url jdbc:p6spy:h2:mem:testdb;DB_CLOSE_DELAY=-1||
1780452975184|0|statement|connection 0|url jdbc:p6spy:h2:mem:testdb;DB_CLOSE_DELAY=-1|SELECT id, username, email, password, status FROM raw_users WHERE (processed = false) AND ((id > ?)) ORDER BY id ASC FETCH NEXT 1000 ROWS ONLY|SELECT id, username, email, password, status FROM raw_users WHERE (processed = false) AND ((id > 44000)) ORDER BY id ASC FETCH NEXT 1000 ROWS ONLY
1780452975203|4|commit|connection 0|url jdbc:p6spy:h2:mem:testdb;DB_CLOSE_DELAY=-1||
1780452975203|0|statement|connection 0|url jdbc:p6spy:h2:mem:testdb;DB_CLOSE_DELAY=-1|SELECT id, username, email, password, status FROM raw_users WHERE (processed = false) AND ((id > ?)) ORDER BY id ASC FETCH NEXT 1000 ROWS ONLY|SELECT id, username, email, password, status FROM raw_users WHERE (processed = false) AND ((id > 45000)) ORDER BY id ASC FETCH NEXT 1000 ROWS ONLY
1780452975222|4|commit|connection 0|url jdbc:p6spy:h2:mem:testdb;DB_CLOSE_DELAY=-1||
1780452975222|0|statement|connection 0|url jdbc:p6spy:h2:mem:testdb;DB_CLOSE_DELAY=-1|SELECT id, username, email, password, status FROM raw_users WHERE (processed = false) AND ((id > ?)) ORDER BY id ASC FETCH NEXT 1000 ROWS ONLY|SELECT id, username, email, password, status FROM raw_users WHERE (processed = false) AND ((id > 46000)) ORDER BY id ASC FETCH NEXT 1000 ROWS ONLY
1780452975241|4|commit|connection 0|url jdbc:p6spy:h2:mem:testdb;DB_CLOSE_DELAY=-1||
1780452975241|0|statement|connection 0|url jdbc:p6spy:h2:mem:testdb;DB_CLOSE_DELAY=-1|SELECT id, username, email, password, status FROM raw_users WHERE (processed = false) AND ((id > ?)) ORDER BY id ASC FETCH NEXT 1000 ROWS ONLY|SELECT id, username, email, password, status FROM raw_users WHERE (processed = false) AND ((id > 47000)) ORDER BY id ASC FETCH NEXT 1000 ROWS ONLY
1780452975260|4|commit|connection 0|url jdbc:p6spy:h2:mem:testdb;DB_CLOSE_DELAY=-1||
1780452975261|0|statement|connection 0|url jdbc:p6spy:h2:mem:testdb;DB_CLOSE_DELAY=-1|SELECT id, username, email, password, status FROM raw_users WHERE (processed = false) AND ((id > ?)) ORDER BY id ASC FETCH NEXT 1000 ROWS ONLY|SELECT id, username, email, password, status FROM raw_users WHERE (processed = false) AND ((id > 48000)) ORDER BY id ASC FETCH NEXT 1000 ROWS ONLY
1780452975280|4|commit|connection 0|url jdbc:p6spy:h2:mem:testdb;DB_CLOSE_DELAY=-1||
1780452975281|0|statement|connection 0|url jdbc:p6spy:h2:mem:testdb;DB_CLOSE_DELAY=-1|SELECT id, username, email, password, status FROM raw_users WHERE (processed = false) AND ((id > ?)) ORDER BY id ASC FETCH NEXT 1000 ROWS ONLY|SELECT id, username, email, password, status FROM raw_users WHERE (processed = false) AND ((id > 49000)) ORDER BY id ASC FETCH NEXT 1000 ROWS ONLY
1780452975299|4|commit|connection 0|url jdbc:p6spy:h2:mem:testdb;DB_CLOSE_DELAY=-1||
1780452975300|0|statement|connection 0|url jdbc:p6spy:h2:mem:testdb;DB_CLOSE_DELAY=-1|SELECT id, username, email, password, status FROM raw_users WHERE (processed = false) AND ((id > ?)) ORDER BY id ASC FETCH NEXT 1000 ROWS ONLY|SELECT id, username, email, password, status FROM raw_users WHERE (processed = false) AND ((id > 50000)) ORDER BY id ASC FETCH NEXT 1000 ROWS ONLY
1780452975319|5|commit|connection 0|url jdbc:p6spy:h2:mem:testdb;DB_CLOSE_DELAY=-1||
1780452975320|0|statement|connection 0|url jdbc:p6spy:h2:mem:testdb;DB_CLOSE_DELAY=-1|SELECT id, username, email, password, status FROM raw_users WHERE (processed = false) AND ((id > ?)) ORDER BY id ASC FETCH NEXT 1000 ROWS ONLY|SELECT id, username, email, password, status FROM raw_users WHERE (processed = false) AND ((id > 51000)) ORDER BY id ASC FETCH NEXT 1000 ROWS ONLY
1780452975353|6|commit|connection 0|url jdbc:p6spy:h2:mem:testdb;DB_CLOSE_DELAY=-1||
1780452975354|0|statement|connection 0|url jdbc:p6spy:h2:mem:testdb;DB_CLOSE_DELAY=-1|SELECT id, username, email, password, status FROM raw_users WHERE (processed = false) AND ((id > ?)) ORDER BY id ASC FETCH NEXT 1000 ROWS ONLY|SELECT id, username, email, password, status FROM raw_users WHERE (processed = false) AND ((id > 52000)) ORDER BY id ASC FETCH NEXT 1000 ROWS ONLY
1780452975380|6|commit|connection 0|url jdbc:p6spy:h2:mem:testdb;DB_CLOSE_DELAY=-1||
1780452975380|0|statement|connection 0|url jdbc:p6spy:h2:mem:testdb;DB_CLOSE_DELAY=-1|SELECT id, username, email, password, status FROM raw_users WHERE (processed = false) AND ((id > ?)) ORDER BY id ASC FETCH NEXT 1000 ROWS ONLY|SELECT id, username, email, password, status FROM raw_users WHERE (processed = false) AND ((id > 53000)) ORDER BY id ASC FETCH NEXT 1000 ROWS ONLY
1780452975407|6|commit|connection 0|url jdbc:p6spy:h2:mem:testdb;DB_CLOSE_DELAY=-1||
1780452975407|0|statement|connection 0|url jdbc:p6spy:h2:mem:testdb;DB_CLOSE_DELAY=-1|SELECT id, username, email, password, status FROM raw_users WHERE (processed = false) AND ((id > ?)) ORDER BY id ASC FETCH NEXT 1000 ROWS ONLY|SELECT id, username, email, password, status FROM raw_users WHERE (processed = false) AND ((id > 54000)) ORDER BY id ASC FETCH NEXT 1000 ROWS ONLY
1780452975437|6|commit|connection 0|url jdbc:p6spy:h2:mem:testdb;DB_CLOSE_DELAY=-1||
1780452975438|0|statement|connection 0|url jdbc:p6spy:h2:mem:testdb;DB_CLOSE_DELAY=-1|SELECT id, username, email, password, status FROM raw_users WHERE (processed = false) AND ((id > ?)) ORDER BY id ASC FETCH NEXT 1000 ROWS ONLY|SELECT id, username, email, password, status FROM raw_users WHERE (processed = false) AND ((id > 55000)) ORDER BY id ASC FETCH NEXT 1000 ROWS ONLY
1780452975464|5|commit|connection 0|url jdbc:p6spy:h2:mem:testdb;DB_CLOSE_DELAY=-1||
1780452975465|0|statement|connection 0|url jdbc:p6spy:h2:mem:testdb;DB_CLOSE_DELAY=-1|SELECT id, username, email, password, status FROM raw_users WHERE (processed = false) AND ((id > ?)) ORDER BY id ASC FETCH NEXT 1000 ROWS ONLY|SELECT id, username, email, password, status FROM raw_users WHERE (processed = false) AND ((id > 56000)) ORDER BY id ASC FETCH NEXT 1000 ROWS ONLY
1780452975484|4|commit|connection 0|url jdbc:p6spy:h2:mem:testdb;DB_CLOSE_DELAY=-1||
1780452975484|0|statement|connection 0|url jdbc:p6spy:h2:mem:testdb;DB_CLOSE_DELAY=-1|SELECT id, username, email, password, status FROM raw_users WHERE (processed = false) AND ((id > ?)) ORDER BY id ASC FETCH NEXT 1000 ROWS ONLY|SELECT id, username, email, password, status FROM raw_users WHERE (processed = false) AND ((id > 57000)) ORDER BY id ASC FETCH NEXT 1000 ROWS ONLY
1780452975505|4|commit|connection 0|url jdbc:p6spy:h2:mem:testdb;DB_CLOSE_DELAY=-1||
1780452975505|0|statement|connection 0|url jdbc:p6spy:h2:mem:testdb;DB_CLOSE_DELAY=-1|SELECT id, username, email, password, status FROM raw_users WHERE (processed = false) AND ((id > ?)) ORDER BY id ASC FETCH NEXT 1000 ROWS ONLY|SELECT id, username, email, password, status FROM raw_users WHERE (processed = false) AND ((id > 58000)) ORDER BY id ASC FETCH NEXT 1000 ROWS ONLY
1780452975523|4|commit|connection 0|url jdbc:p6spy:h2:mem:testdb;DB_CLOSE_DELAY=-1||
1780452975524|0|statement|connection 0|url jdbc:p6spy:h2:mem:testdb;DB_CLOSE_DELAY=-1|SELECT id, username, email, password, status FROM raw_users WHERE (processed = false) AND ((id > ?)) ORDER BY id ASC FETCH NEXT 1000 ROWS ONLY|SELECT id, username, email, password, status FROM raw_users WHERE (processed = false) AND ((id > 59000)) ORDER BY id ASC FETCH NEXT 1000 ROWS ONLY
1780452975542|4|commit|connection 0|url jdbc:p6spy:h2:mem:testdb;DB_CLOSE_DELAY=-1||
1780452975542|0|statement|connection 0|url jdbc:p6spy:h2:mem:testdb;DB_CLOSE_DELAY=-1|SELECT id, username, email, password, status FROM raw_users WHERE (processed = false) AND ((id > ?)) ORDER BY id ASC FETCH NEXT 1000 ROWS ONLY|SELECT id, username, email, password, status FROM raw_users WHERE (processed = false) AND ((id > 60000)) ORDER BY id ASC FETCH NEXT 1000 ROWS ONLY
1780452975560|4|commit|connection 0|url jdbc:p6spy:h2:mem:testdb;DB_CLOSE_DELAY=-1||
1780452975560|0|statement|connection 0|url jdbc:p6spy:h2:mem:testdb;DB_CLOSE_DELAY=-1|SELECT id, username, email, password, status FROM raw_users WHERE (processed = false) AND ((id > ?)) ORDER BY id ASC FETCH NEXT 1000 ROWS ONLY|SELECT id, username, email, password, status FROM raw_users WHERE (processed = false) AND ((id > 61000)) ORDER BY id ASC FETCH NEXT 1000 ROWS ONLY
1780452975579|5|commit|connection 0|url jdbc:p6spy:h2:mem:testdb;DB_CLOSE_DELAY=-1||
1780452975579|0|statement|connection 0|url jdbc:p6spy:h2:mem:testdb;DB_CLOSE_DELAY=-1|SELECT id, username, email, password, status FROM raw_users WHERE (processed = false) AND ((id > ?)) ORDER BY id ASC FETCH NEXT 1000 ROWS ONLY|SELECT id, username, email, password, status FROM raw_users WHERE (processed = false) AND ((id > 62000)) ORDER BY id ASC FETCH NEXT 1000 ROWS ONLY
1780452975597|4|commit|connection 0|url jdbc:p6spy:h2:mem:testdb;DB_CLOSE_DELAY=-1||
1780452975597|0|statement|connection 0|url jdbc:p6spy:h2:mem:testdb;DB_CLOSE_DELAY=-1|SELECT id, username, email, password, status FROM raw_users WHERE (processed = false) AND ((id > ?)) ORDER BY id ASC FETCH NEXT 1000 ROWS ONLY|SELECT id, username, email, password, status FROM raw_users WHERE (processed = false) AND ((id > 63000)) ORDER BY id ASC FETCH NEXT 1000 ROWS ONLY
1780452975622|4|commit|connection 0|url jdbc:p6spy:h2:mem:testdb;DB_CLOSE_DELAY=-1||
1780452975623|0|statement|connection 0|url jdbc:p6spy:h2:mem:testdb;DB_CLOSE_DELAY=-1|SELECT id, username, email, password, status FROM raw_users WHERE (processed = false) AND ((id > ?)) ORDER BY id ASC FETCH NEXT 1000 ROWS ONLY|SELECT id, username, email, password, status FROM raw_users WHERE (processed = false) AND ((id > 64000)) ORDER BY id ASC FETCH NEXT 1000 ROWS ONLY
1780452975640|4|commit|connection 0|url jdbc:p6spy:h2:mem:testdb;DB_CLOSE_DELAY=-1||
1780452975641|0|statement|connection 0|url jdbc:p6spy:h2:mem:testdb;DB_CLOSE_DELAY=-1|SELECT id, username, email, password, status FROM raw_users WHERE (processed = false) AND ((id > ?)) ORDER BY id ASC FETCH NEXT 1000 ROWS ONLY|SELECT id, username, email, password, status FROM raw_users WHERE (processed = false) AND ((id > 65000)) ORDER BY id ASC FETCH NEXT 1000 ROWS ONLY
1780452975658|4|commit|connection 0|url jdbc:p6spy:h2:mem:testdb;DB_CLOSE_DELAY=-1||
1780452975659|0|statement|connection 0|url jdbc:p6spy:h2:mem:testdb;DB_CLOSE_DELAY=-1|SELECT id, username, email, password, status FROM raw_users WHERE (processed = false) AND ((id > ?)) ORDER BY id ASC FETCH NEXT 1000 ROWS ONLY|SELECT id, username, email, password, status FROM raw_users WHERE (processed = false) AND ((id > 66000)) ORDER BY id ASC FETCH NEXT 1000 ROWS ONLY
1780452975677|4|commit|connection 0|url jdbc:p6spy:h2:mem:testdb;DB_CLOSE_DELAY=-1||
1780452975677|0|statement|connection 0|url jdbc:p6spy:h2:mem:testdb;DB_CLOSE_DELAY=-1|SELECT id, username, email, password, status FROM raw_users WHERE (processed = false) AND ((id > ?)) ORDER BY id ASC FETCH NEXT 1000 ROWS ONLY|SELECT id, username, email, password, status FROM raw_users WHERE (processed = false) AND ((id > 67000)) ORDER BY id ASC FETCH NEXT 1000 ROWS ONLY
1780452975694|4|commit|connection 0|url jdbc:p6spy:h2:mem:testdb;DB_CLOSE_DELAY=-1||
1780452975695|0|statement|connection 0|url jdbc:p6spy:h2:mem:testdb;DB_CLOSE_DELAY=-1|SELECT id, username, email, password, status FROM raw_users WHERE (processed = false) AND ((id > ?)) ORDER BY id ASC FETCH NEXT 1000 ROWS ONLY|SELECT id, username, email, password, status FROM raw_users WHERE (processed = false) AND ((id > 68000)) ORDER BY id ASC FETCH NEXT 1000 ROWS ONLY
1780452975712|4|commit|connection 0|url jdbc:p6spy:h2:mem:testdb;DB_CLOSE_DELAY=-1||
1780452975713|0|statement|connection 0|url jdbc:p6spy:h2:mem:testdb;DB_CLOSE_DELAY=-1|SELECT id, username, email, password, status FROM raw_users WHERE (processed = false) AND ((id > ?)) ORDER BY id ASC FETCH NEXT 1000 ROWS ONLY|SELECT id, username, email, password, status FROM raw_users WHERE (processed = false) AND ((id > 69000)) ORDER BY id ASC FETCH NEXT 1000 ROWS ONLY
1780452975730|4|commit|connection 0|url jdbc:p6spy:h2:mem:testdb;DB_CLOSE_DELAY=-1||
1780452975730|0|statement|connection 0|url jdbc:p6spy:h2:mem:testdb;DB_CLOSE_DELAY=-1|SELECT id, username, email, password, status FROM raw_users WHERE (processed = false) AND ((id > ?)) ORDER BY id ASC FETCH NEXT 1000 ROWS ONLY|SELECT id, username, email, password, status FROM raw_users WHERE (processed = false) AND ((id > 70000)) ORDER BY id ASC FETCH NEXT 1000 ROWS ONLY
1780452975748|4|commit|connection 0|url jdbc:p6spy:h2:mem:testdb;DB_CLOSE_DELAY=-1||
1780452975748|0|statement|connection 0|url jdbc:p6spy:h2:mem:testdb;DB_CLOSE_DELAY=-1|SELECT id, username, email, password, status FROM raw_users WHERE (processed = false) AND ((id > ?)) ORDER BY id ASC FETCH NEXT 1000 ROWS ONLY|SELECT id, username, email, password, status FROM raw_users WHERE (processed = false) AND ((id > 71000)) ORDER BY id ASC FETCH NEXT 1000 ROWS ONLY
1780452975765|4|commit|connection 0|url jdbc:p6spy:h2:mem:testdb;DB_CLOSE_DELAY=-1||
1780452975766|0|statement|connection 0|url jdbc:p6spy:h2:mem:testdb;DB_CLOSE_DELAY=-1|SELECT id, username, email, password, status FROM raw_users WHERE (processed = false) AND ((id > ?)) ORDER BY id ASC FETCH NEXT 1000 ROWS ONLY|SELECT id, username, email, password, status FROM raw_users WHERE (processed = false) AND ((id > 72000)) ORDER BY id ASC FETCH NEXT 1000 ROWS ONLY
1780452975783|4|commit|connection 0|url jdbc:p6spy:h2:mem:testdb;DB_CLOSE_DELAY=-1||
1780452975784|0|statement|connection 0|url jdbc:p6spy:h2:mem:testdb;DB_CLOSE_DELAY=-1|SELECT id, username, email, password, status FROM raw_users WHERE (processed = false) AND ((id > ?)) ORDER BY id ASC FETCH NEXT 1000 ROWS ONLY|SELECT id, username, email, password, status FROM raw_users WHERE (processed = false) AND ((id > 73000)) ORDER BY id ASC FETCH NEXT 1000 ROWS ONLY
1780452975801|4|commit|connection 0|url jdbc:p6spy:h2:mem:testdb;DB_CLOSE_DELAY=-1||
1780452975802|0|statement|connection 0|url jdbc:p6spy:h2:mem:testdb;DB_CLOSE_DELAY=-1|SELECT id, username, email, password, status FROM raw_users WHERE (processed = false) AND ((id > ?)) ORDER BY id ASC FETCH NEXT 1000 ROWS ONLY|SELECT id, username, email, password, status FROM raw_users WHERE (processed = false) AND ((id > 74000)) ORDER BY id ASC FETCH NEXT 1000 ROWS ONLY
1780452975826|11|commit|connection 0|url jdbc:p6spy:h2:mem:testdb;DB_CLOSE_DELAY=-1||
1780452975827|0|statement|connection 0|url jdbc:p6spy:h2:mem:testdb;DB_CLOSE_DELAY=-1|SELECT id, username, email, password, status FROM raw_users WHERE (processed = false) AND ((id > ?)) ORDER BY id ASC FETCH NEXT 1000 ROWS ONLY|SELECT id, username, email, password, status FROM raw_users WHERE (processed = false) AND ((id > 75000)) ORDER BY id ASC FETCH NEXT 1000 ROWS ONLY
1780452975845|4|commit|connection 0|url jdbc:p6spy:h2:mem:testdb;DB_CLOSE_DELAY=-1||
1780452975845|0|statement|connection 0|url jdbc:p6spy:h2:mem:testdb;DB_CLOSE_DELAY=-1|SELECT id, username, email, password, status FROM raw_users WHERE (processed = false) AND ((id > ?)) ORDER BY id ASC FETCH NEXT 1000 ROWS ONLY|SELECT id, username, email, password, status FROM raw_users WHERE (processed = false) AND ((id > 76000)) ORDER BY id ASC FETCH NEXT 1000 ROWS ONLY
1780452975864|5|commit|connection 0|url jdbc:p6spy:h2:mem:testdb;DB_CLOSE_DELAY=-1||
1780452975864|0|statement|connection 0|url jdbc:p6spy:h2:mem:testdb;DB_CLOSE_DELAY=-1|SELECT id, username, email, password, status FROM raw_users WHERE (processed = false) AND ((id > ?)) ORDER BY id ASC FETCH NEXT 1000 ROWS ONLY|SELECT id, username, email, password, status FROM raw_users WHERE (processed = false) AND ((id > 77000)) ORDER BY id ASC FETCH NEXT 1000 ROWS ONLY
1780452975886|4|commit|connection 0|url jdbc:p6spy:h2:mem:testdb;DB_CLOSE_DELAY=-1||
1780452975886|0|statement|connection 0|url jdbc:p6spy:h2:mem:testdb;DB_CLOSE_DELAY=-1|SELECT id, username, email, password, status FROM raw_users WHERE (processed = false) AND ((id > ?)) ORDER BY id ASC FETCH NEXT 1000 ROWS ONLY|SELECT id, username, email, password, status FROM raw_users WHERE (processed = false) AND ((id > 78000)) ORDER BY id ASC FETCH NEXT 1000 ROWS ONLY
1780452975904|4|commit|connection 0|url jdbc:p6spy:h2:mem:testdb;DB_CLOSE_DELAY=-1||
1780452975905|0|statement|connection 0|url jdbc:p6spy:h2:mem:testdb;DB_CLOSE_DELAY=-1|SELECT id, username, email, password, status FROM raw_users WHERE (processed = false) AND ((id > ?)) ORDER BY id ASC FETCH NEXT 1000 ROWS ONLY|SELECT id, username, email, password, status FROM raw_users WHERE (processed = false) AND ((id > 79000)) ORDER BY id ASC FETCH NEXT 1000 ROWS ONLY
1780452975922|4|commit|connection 0|url jdbc:p6spy:h2:mem:testdb;DB_CLOSE_DELAY=-1||
1780452975923|0|statement|connection 0|url jdbc:p6spy:h2:mem:testdb;DB_CLOSE_DELAY=-1|SELECT id, username, email, password, status FROM raw_users WHERE (processed = false) AND ((id > ?)) ORDER BY id ASC FETCH NEXT 1000 ROWS ONLY|SELECT id, username, email, password, status FROM raw_users WHERE (processed = false) AND ((id > 80000)) ORDER BY id ASC FETCH NEXT 1000 ROWS ONLY
1780452975940|4|commit|connection 0|url jdbc:p6spy:h2:mem:testdb;DB_CLOSE_DELAY=-1||
1780452975940|0|statement|connection 0|url jdbc:p6spy:h2:mem:testdb;DB_CLOSE_DELAY=-1|SELECT id, username, email, password, status FROM raw_users WHERE (processed = false) AND ((id > ?)) ORDER BY id ASC FETCH NEXT 1000 ROWS ONLY|SELECT id, username, email, password, status FROM raw_users WHERE (processed = false) AND ((id > 81000)) ORDER BY id ASC FETCH NEXT 1000 ROWS ONLY
1780452975958|4|commit|connection 0|url jdbc:p6spy:h2:mem:testdb;DB_CLOSE_DELAY=-1||
1780452975958|0|statement|connection 0|url jdbc:p6spy:h2:mem:testdb;DB_CLOSE_DELAY=-1|SELECT id, username, email, password, status FROM raw_users WHERE (processed = false) AND ((id > ?)) ORDER BY id ASC FETCH NEXT 1000 ROWS ONLY|SELECT id, username, email, password, status FROM raw_users WHERE (processed = false) AND ((id > 82000)) ORDER BY id ASC FETCH NEXT 1000 ROWS ONLY
1780452975975|4|commit|connection 0|url jdbc:p6spy:h2:mem:testdb;DB_CLOSE_DELAY=-1||
1780452975975|0|statement|connection 0|url jdbc:p6spy:h2:mem:testdb;DB_CLOSE_DELAY=-1|SELECT id, username, email, password, status FROM raw_users WHERE (processed = false) AND ((id > ?)) ORDER BY id ASC FETCH NEXT 1000 ROWS ONLY|SELECT id, username, email, password, status FROM raw_users WHERE (processed = false) AND ((id > 83000)) ORDER BY id ASC FETCH NEXT 1000 ROWS ONLY
1780452975992|4|commit|connection 0|url jdbc:p6spy:h2:mem:testdb;DB_CLOSE_DELAY=-1||
1780452975993|0|statement|connection 0|url jdbc:p6spy:h2:mem:testdb;DB_CLOSE_DELAY=-1|SELECT id, username, email, password, status FROM raw_users WHERE (processed = false) AND ((id > ?)) ORDER BY id ASC FETCH NEXT 1000 ROWS ONLY|SELECT id, username, email, password, status FROM raw_users WHERE (processed = false) AND ((id > 84000)) ORDER BY id ASC FETCH NEXT 1000 ROWS ONLY
1780452976010|4|commit|connection 0|url jdbc:p6spy:h2:mem:testdb;DB_CLOSE_DELAY=-1||
1780452976010|0|statement|connection 0|url jdbc:p6spy:h2:mem:testdb;DB_CLOSE_DELAY=-1|SELECT id, username, email, password, status FROM raw_users WHERE (processed = false) AND ((id > ?)) ORDER BY id ASC FETCH NEXT 1000 ROWS ONLY|SELECT id, username, email, password, status FROM raw_users WHERE (processed = false) AND ((id > 85000)) ORDER BY id ASC FETCH NEXT 1000 ROWS ONLY
1780452976028|4|commit|connection 0|url jdbc:p6spy:h2:mem:testdb;DB_CLOSE_DELAY=-1||
1780452976028|0|statement|connection 0|url jdbc:p6spy:h2:mem:testdb;DB_CLOSE_DELAY=-1|SELECT id, username, email, password, status FROM raw_users WHERE (processed = false) AND ((id > ?)) ORDER BY id ASC FETCH NEXT 1000 ROWS ONLY|SELECT id, username, email, password, status FROM raw_users WHERE (processed = false) AND ((id > 86000)) ORDER BY id ASC FETCH NEXT 1000 ROWS ONLY
1780452976053|3|commit|connection 0|url jdbc:p6spy:h2:mem:testdb;DB_CLOSE_DELAY=-1||
1780452976054|0|statement|connection 0|url jdbc:p6spy:h2:mem:testdb;DB_CLOSE_DELAY=-1|SELECT id, username, email, password, status FROM raw_users WHERE (processed = false) AND ((id > ?)) ORDER BY id ASC FETCH NEXT 1000 ROWS ONLY|SELECT id, username, email, password, status FROM raw_users WHERE (processed = false) AND ((id > 87000)) ORDER BY id ASC FETCH NEXT 1000 ROWS ONLY
1780452976072|4|commit|connection 0|url jdbc:p6spy:h2:mem:testdb;DB_CLOSE_DELAY=-1||
1780452976072|0|statement|connection 0|url jdbc:p6spy:h2:mem:testdb;DB_CLOSE_DELAY=-1|SELECT id, username, email, password, status FROM raw_users WHERE (processed = false) AND ((id > ?)) ORDER BY id ASC FETCH NEXT 1000 ROWS ONLY|SELECT id, username, email, password, status FROM raw_users WHERE (processed = false) AND ((id > 88000)) ORDER BY id ASC FETCH NEXT 1000 ROWS ONLY
1780452976090|4|commit|connection 0|url jdbc:p6spy:h2:mem:testdb;DB_CLOSE_DELAY=-1||
1780452976090|0|statement|connection 0|url jdbc:p6spy:h2:mem:testdb;DB_CLOSE_DELAY=-1|SELECT id, username, email, password, status FROM raw_users WHERE (processed = false) AND ((id > ?)) ORDER BY id ASC FETCH NEXT 1000 ROWS ONLY|SELECT id, username, email, password, status FROM raw_users WHERE (processed = false) AND ((id > 89000)) ORDER BY id ASC FETCH NEXT 1000 ROWS ONLY
1780452976107|4|commit|connection 0|url jdbc:p6spy:h2:mem:testdb;DB_CLOSE_DELAY=-1||
1780452976108|0|statement|connection 0|url jdbc:p6spy:h2:mem:testdb;DB_CLOSE_DELAY=-1|SELECT id, username, email, password, status FROM raw_users WHERE (processed = false) AND ((id > ?)) ORDER BY id ASC FETCH NEXT 1000 ROWS ONLY|SELECT id, username, email, password, status FROM raw_users WHERE (processed = false) AND ((id > 90000)) ORDER BY id ASC FETCH NEXT 1000 ROWS ONLY
1780452976125|4|commit|connection 0|url jdbc:p6spy:h2:mem:testdb;DB_CLOSE_DELAY=-1||
1780452976126|0|statement|connection 0|url jdbc:p6spy:h2:mem:testdb;DB_CLOSE_DELAY=-1|SELECT id, username, email, password, status FROM raw_users WHERE (processed = false) AND ((id > ?)) ORDER BY id ASC FETCH NEXT 1000 ROWS ONLY|SELECT id, username, email, password, status FROM raw_users WHERE (processed = false) AND ((id > 91000)) ORDER BY id ASC FETCH NEXT 1000 ROWS ONLY
1780452976143|4|commit|connection 0|url jdbc:p6spy:h2:mem:testdb;DB_CLOSE_DELAY=-1||
1780452976144|0|statement|connection 0|url jdbc:p6spy:h2:mem:testdb;DB_CLOSE_DELAY=-1|SELECT id, username, email, password, status FROM raw_users WHERE (processed = false) AND ((id > ?)) ORDER BY id ASC FETCH NEXT 1000 ROWS ONLY|SELECT id, username, email, password, status FROM raw_users WHERE (processed = false) AND ((id > 92000)) ORDER BY id ASC FETCH NEXT 1000 ROWS ONLY
1780452976161|4|commit|connection 0|url jdbc:p6spy:h2:mem:testdb;DB_CLOSE_DELAY=-1||
1780452976162|0|statement|connection 0|url jdbc:p6spy:h2:mem:testdb;DB_CLOSE_DELAY=-1|SELECT id, username, email, password, status FROM raw_users WHERE (processed = false) AND ((id > ?)) ORDER BY id ASC FETCH NEXT 1000 ROWS ONLY|SELECT id, username, email, password, status FROM raw_users WHERE (processed = false) AND ((id > 93000)) ORDER BY id ASC FETCH NEXT 1000 ROWS ONLY
1780452976179|4|commit|connection 0|url jdbc:p6spy:h2:mem:testdb;DB_CLOSE_DELAY=-1||
1780452976180|0|statement|connection 0|url jdbc:p6spy:h2:mem:testdb;DB_CLOSE_DELAY=-1|SELECT id, username, email, password, status FROM raw_users WHERE (processed = false) AND ((id > ?)) ORDER BY id ASC FETCH NEXT 1000 ROWS ONLY|SELECT id, username, email, password, status FROM raw_users WHERE (processed = false) AND ((id > 94000)) ORDER BY id ASC FETCH NEXT 1000 ROWS ONLY
1780452976198|4|commit|connection 0|url jdbc:p6spy:h2:mem:testdb;DB_CLOSE_DELAY=-1||
1780452976199|0|statement|connection 0|url jdbc:p6spy:h2:mem:testdb;DB_CLOSE_DELAY=-1|SELECT id, username, email, password, status FROM raw_users WHERE (processed = false) AND ((id > ?)) ORDER BY id ASC FETCH NEXT 1000 ROWS ONLY|SELECT id, username, email, password, status FROM raw_users WHERE (processed = false) AND ((id > 95000)) ORDER BY id ASC FETCH NEXT 1000 ROWS ONLY
1780452976216|4|commit|connection 0|url jdbc:p6spy:h2:mem:testdb;DB_CLOSE_DELAY=-1||
1780452976217|0|statement|connection 0|url jdbc:p6spy:h2:mem:testdb;DB_CLOSE_DELAY=-1|SELECT id, username, email, password, status FROM raw_users WHERE (processed = false) AND ((id > ?)) ORDER BY id ASC FETCH NEXT 1000 ROWS ONLY|SELECT id, username, email, password, status FROM raw_users WHERE (processed = false) AND ((id > 96000)) ORDER BY id ASC FETCH NEXT 1000 ROWS ONLY
1780452976234|4|commit|connection 0|url jdbc:p6spy:h2:mem:testdb;DB_CLOSE_DELAY=-1||
1780452976235|0|statement|connection 0|url jdbc:p6spy:h2:mem:testdb;DB_CLOSE_DELAY=-1|SELECT id, username, email, password, status FROM raw_users WHERE (processed = false) AND ((id > ?)) ORDER BY id ASC FETCH NEXT 1000 ROWS ONLY|SELECT id, username, email, password, status FROM raw_users WHERE (processed = false) AND ((id > 97000)) ORDER BY id ASC FETCH NEXT 1000 ROWS ONLY
1780452976260|12|commit|connection 0|url jdbc:p6spy:h2:mem:testdb;DB_CLOSE_DELAY=-1||
1780452976261|0|statement|connection 0|url jdbc:p6spy:h2:mem:testdb;DB_CLOSE_DELAY=-1|SELECT id, username, email, password, status FROM raw_users WHERE (processed = false) AND ((id > ?)) ORDER BY id ASC FETCH NEXT 1000 ROWS ONLY|SELECT id, username, email, password, status FROM raw_users WHERE (processed = false) AND ((id > 98000)) ORDER BY id ASC FETCH NEXT 1000 ROWS ONLY
1780452976292|5|commit|connection 0|url jdbc:p6spy:h2:mem:testdb;DB_CLOSE_DELAY=-1||
1780452976292|0|statement|connection 0|url jdbc:p6spy:h2:mem:testdb;DB_CLOSE_DELAY=-1|SELECT id, username, email, password, status FROM raw_users WHERE (processed = false) AND ((id > ?)) ORDER BY id ASC FETCH NEXT 1000 ROWS ONLY|SELECT id, username, email, password, status FROM raw_users WHERE (processed = false) AND ((id > 99000)) ORDER BY id ASC FETCH NEXT 1000 ROWS ONLY
1780452976315|5|commit|connection 0|url jdbc:p6spy:h2:mem:testdb;DB_CLOSE_DELAY=-1||
1780452976316|0|statement|connection 0|url jdbc:p6spy:h2:mem:testdb;DB_CLOSE_DELAY=-1|SELECT id, username, email, password, status FROM raw_users WHERE (processed = false) AND ((id > ?)) ORDER BY id ASC FETCH NEXT 1000 ROWS ONLY|SELECT id, username, email, password, status FROM raw_users WHERE (processed = false) AND ((id > 100000)) ORDER BY id ASC FETCH NEXT 1000 ROWS ONLY
1780452976316|0|commit|connection 0|url jdbc:p6spy:h2:mem:testdb;DB_CLOSE_DELAY=-1||
